#
# There is insufficient memory for the Java Runtime Environment to continue.
# Native memory allocation (mmap) failed to map 268435456 bytes for G1 virtual space
# Possible reasons:
#   The system is out of physical RAM or swap space
#   The process is running with CompressedOops enabled, and the Java Heap may be blocking the growth of the native heap
# Possible solutions:
#   Reduce memory load on the system
#   Increase physical memory or swap space
#   Check if swap backing store is full
#   Decrease Java heap size (-Xmx/-Xms)
#   Decrease number of Java threads
#   Decrease Java thread stack sizes (-Xss)
#   Set larger code cache with -XX:ReservedCodeCacheSize=
#   JVM is running with Zero Based Compressed Oops mode in which the Java heap is
#     placed in the first 32GB address space. The Java Heap base address is the
#     maximum limit for the native heap growth. Please use -XX:HeapBaseMinAddress
#     to set the Java Heap base and to place the Java Heap above 32GB virtual address.
# This output file may be truncated or incomplete.
#
#  Out of Memory Error (os_windows.cpp:3557), pid=32408, tid=19208
#
# JRE version:  (17.0.6+10) (build )
# Java VM: OpenJDK 64-Bit Server VM (17.0.6+10, mixed mode, emulated-client, sharing, tiered, compressed oops, compressed class ptrs, g1 gc, windows-amd64)
# No core dump will be written. Minidumps are not enabled by default on client versions of Windows
#

---------------  S U M M A R Y ------------

Command Line: -Dcom.sun.management.jmxremote -Dcom.sun.management.jmxremote.port=14062 -Dcom.sun.management.jmxremote.authenticate=false -Dcom.sun.management.jmxremote.ssl=false -Djava.rmi.server.hostname=localhost -Dspring.jmx.enabled=true -Dmanagement.endpoints.jmx.exposure.include=* -Dspring.application.admin.enabled=true -XX:TieredStopAtLevel=1 -Dspring.boot.project.name=sarada -Dfile.encoding=UTF-8 -XX:+ShowCodeDetailsInExceptionMessages com.greedy.sarada.SaradaApplication --spring.output.ansi.enabled=always

Host: Intel(R) Core(TM) i7-8700 CPU @ 3.20GHz, 12 cores, 15G,  Windows 10 , 64 bit Build 19041 (10.0.19041.3570)
Time: Wed Nov  1 07:24:48 2023  Windows 10 , 64 bit Build 19041 (10.0.19041.3570) elapsed time: 0.025678 seconds (0d 0h 0m 0s)

---------------  T H R E A D  ---------------

Current thread (0x00000219afcae070):  JavaThread "Unknown thread" [_thread_in_vm, id=19208, stack(0x000000b5a6900000,0x000000b5a6a00000)]

Stack: [0x000000b5a6900000,0x000000b5a6a00000]
Native frames: (J=compiled Java code, j=interpreted, Vv=VM code, C=native code)
V  [jvm.dll+0x67741a]
V  [jvm.dll+0x834434]
V  [jvm.dll+0x835bde]
V  [jvm.dll+0x836243]
V  [jvm.dll+0x2457b5]
V  [jvm.dll+0x674329]
V  [jvm.dll+0x6689da]
V  [jvm.dll+0x30489b]
V  [jvm.dll+0x30bd96]
V  [jvm.dll+0x35b57e]
V  [jvm.dll+0x35b7af]
V  [jvm.dll+0x2db778]
V  [jvm.dll+0x2dc6e4]
V  [jvm.dll+0x806131]
V  [jvm.dll+0x369331]
V  [jvm.dll+0x7e56ac]
V  [jvm.dll+0x3eb35f]
V  [jvm.dll+0x3ecea1]
C  [jli.dll+0x5267]
C  [ucrtbase.dll+0x21bb2]
C  [KERNEL32.DLL+0x17344]
C  [ntdll.dll+0x526b1]


---------------  P R O C E S S  ---------------

Threads class SMR info:
_java_thread_list=0x00007ffa69645fd8, length=0, elements={
}

Java Threads: ( => current thread )

Other Threads:
  0x00000219afe36480 GCTaskThread "GC Thread#0" [stack: 0x000000b5a6a00000,0x000000b5a6b00000] [id=23804]
  0x00000219afe85010 ConcurrentGCThread "G1 Main Marker" [stack: 0x000000b5a6b00000,0x000000b5a6c00000] [id=28208]
  0x00000219afe857d0 ConcurrentGCThread "G1 Conc#0" [stack: 0x000000b5a6c00000,0x000000b5a6d00000] [id=17460]

[error occurred during error reporting (printing all threads), id 0xc0000005, EXCEPTION_ACCESS_VIOLATION (0xc0000005) at pc=0x00007ffa68e1c1e7]

VM state: not at safepoint (not fully initialized)

VM Mutex/Monitor currently owned by a thread:  ([mutex/lock_event])
[0x00000219afdb8b50] Heap_lock - owner thread: 0x00000219afcae070

Heap address: 0x0000000700e00000, size: 4082 MB, Compressed Oops mode: Zero based, Oop shift amount: 3

CDS archive(s) mapped at: [0x0000000000000000-0x0000000000000000-0x0000000000000000), size 0, SharedBaseAddress: 0x0000000800000000, ArchiveRelocationMode: 0.
Narrow klass base: 0x0000000000000000, Narrow klass shift: 0, Narrow klass range: 0x0

GC Precious Log:
<Empty>

Heap:
 garbage-first heap   total 0K, used 0K [0x0000000700e00000, 0x0000000800000000)
  region size 2048K, 0 young (0K), 0 survivors (0K)

[error occurred during error reporting (printing heap information), id 0xc0000005, EXCEPTION_ACCESS_VIOLATION (0xc0000005) at pc=0x00007ffa692006f9]

GC Heap History (0 events):
No events

Dll operation events (1 events):
Event: 0.018 Loaded shared library C:\Users\Win10\Desktop\abcd\abcdSpring\sts4\sts-4.17.2.RELEASE\plugins\org.eclipse.justj.openjdk.hotspot.jre.full.win32.x86_64_17.0.6.v20230125-1136\jre\bin\java.dll

Deoptimization events (0 events):
No events

Classes unloaded (0 events):
No events

Classes redefined (0 events):
No events

Internal exceptions (0 events):
No events

VM Operations (0 events):
No events

Events (0 events):
No events


Dynamic libraries:
0x00007ff7f3df0000 - 0x00007ff7f3dfe000 	C:\Users\Win10\Desktop\abcd\abcdSpring\sts4\sts-4.17.2.RELEASE\plugins\org.eclipse.justj.openjdk.hotspot.jre.full.win32.x86_64_17.0.6.v20230125-1136\jre\bin\javaw.exe
0x00007ffad6550000 - 0x00007ffad6747000 	C:\WINDOWS\SYSTEM32\ntdll.dll
0x00007ffad5650000 - 0x00007ffad570d000 	C:\WINDOWS\System32\KERNEL32.DLL
0x00007ffad3e20000 - 0x00007ffad4116000 	C:\WINDOWS\System32\KERNELBASE.dll
0x00007ffad44b0000 - 0x00007ffad45b0000 	C:\WINDOWS\System32\ucrtbase.dll
0x00007ffaa7cd0000 - 0x00007ffaa7ce7000 	C:\Users\Win10\Desktop\abcd\abcdSpring\sts4\sts-4.17.2.RELEASE\plugins\org.eclipse.justj.openjdk.hotspot.jre.full.win32.x86_64_17.0.6.v20230125-1136\jre\bin\jli.dll
0x00007ffaa7260000 - 0x00007ffaa7279000 	C:\Users\Win10\Desktop\abcd\abcdSpring\sts4\sts-4.17.2.RELEASE\plugins\org.eclipse.justj.openjdk.hotspot.jre.full.win32.x86_64_17.0.6.v20230125-1136\jre\bin\VCRUNTIME140.dll
0x00007ffad5290000 - 0x00007ffad542e000 	C:\WINDOWS\System32\USER32.dll
0x00007ffad3df0000 - 0x00007ffad3e12000 	C:\WINDOWS\System32\win32u.dll
0x00007ffad5b10000 - 0x00007ffad5b3c000 	C:\WINDOWS\System32\GDI32.dll
0x00007ffad3cd0000 - 0x00007ffad3dea000 	C:\WINDOWS\System32\gdi32full.dll
0x00007ffad41b0000 - 0x00007ffad424d000 	C:\WINDOWS\System32\msvcp_win.dll
0x00007ffabe020000 - 0x00007ffabe2ba000 	C:\WINDOWS\WinSxS\amd64_microsoft.windows.common-controls_6595b64144ccf1df_6.0.19041.3570_none_60bb2a3971f3e41a\COMCTL32.dll
0x00007ffad5a70000 - 0x00007ffad5b0e000 	C:\WINDOWS\System32\msvcrt.dll
0x00007ffad58a0000 - 0x00007ffad58d0000 	C:\WINDOWS\System32\IMM32.DLL
0x00007ffabfba0000 - 0x00007ffabfbac000 	C:\Users\Win10\Desktop\abcd\abcdSpring\sts4\sts-4.17.2.RELEASE\plugins\org.eclipse.justj.openjdk.hotspot.jre.full.win32.x86_64_17.0.6.v20230125-1136\jre\bin\vcruntime140_1.dll
0x00007ffa98a40000 - 0x00007ffa98ad1000 	C:\Users\Win10\Desktop\abcd\abcdSpring\sts4\sts-4.17.2.RELEASE\plugins\org.eclipse.justj.openjdk.hotspot.jre.full.win32.x86_64_17.0.6.v20230125-1136\jre\bin\msvcp140.dll
0x00007ffa68b30000 - 0x00007ffa69777000 	C:\Users\Win10\Desktop\abcd\abcdSpring\sts4\sts-4.17.2.RELEASE\plugins\org.eclipse.justj.openjdk.hotspot.jre.full.win32.x86_64_17.0.6.v20230125-1136\jre\bin\server\jvm.dll
0x00007ffad4c90000 - 0x00007ffad4d3e000 	C:\WINDOWS\System32\ADVAPI32.dll
0x00007ffad4d40000 - 0x00007ffad4ddc000 	C:\WINDOWS\System32\sechost.dll
0x00007ffad5770000 - 0x00007ffad5896000 	C:\WINDOWS\System32\RPCRT4.dll
0x00007ffabc9c0000 - 0x00007ffabc9c9000 	C:\WINDOWS\SYSTEM32\WSOCK32.dll
0x00007ffad58d0000 - 0x00007ffad593b000 	C:\WINDOWS\System32\WS2_32.dll
0x00007ffac3d90000 - 0x00007ffac3db7000 	C:\WINDOWS\SYSTEM32\WINMM.dll
0x00007ffacdc80000 - 0x00007ffacdc8a000 	C:\WINDOWS\SYSTEM32\VERSION.dll
0x00007ffad1af0000 - 0x00007ffad1b02000 	C:\WINDOWS\SYSTEM32\kernel.appcore.dll
0x00007ffacc100000 - 0x00007ffacc10a000 	C:\Users\Win10\Desktop\abcd\abcdSpring\sts4\sts-4.17.2.RELEASE\plugins\org.eclipse.justj.openjdk.hotspot.jre.full.win32.x86_64_17.0.6.v20230125-1136\jre\bin\jimage.dll
0x00007ffabfc60000 - 0x00007ffabfe44000 	C:\WINDOWS\SYSTEM32\DBGHELP.DLL
0x00007ffab1cb0000 - 0x00007ffab1ce4000 	C:\WINDOWS\SYSTEM32\dbgcore.DLL
0x00007ffad4120000 - 0x00007ffad41a2000 	C:\WINDOWS\System32\bcryptPrimitives.dll
0x00007ffaa2870000 - 0x00007ffaa2895000 	C:\Users\Win10\Desktop\abcd\abcdSpring\sts4\sts-4.17.2.RELEASE\plugins\org.eclipse.justj.openjdk.hotspot.jre.full.win32.x86_64_17.0.6.v20230125-1136\jre\bin\java.dll

dbghelp: loaded successfully - version: 4.0.5 - missing functions: none
symbol engine: initialized successfully - sym options: 0x614 - pdb path: .;C:\Users\Win10\Desktop\abcd\abcdSpring\sts4\sts-4.17.2.RELEASE\plugins\org.eclipse.justj.openjdk.hotspot.jre.full.win32.x86_64_17.0.6.v20230125-1136\jre\bin;C:\WINDOWS\SYSTEM32;C:\WINDOWS\WinSxS\amd64_microsoft.windows.common-controls_6595b64144ccf1df_6.0.19041.3570_none_60bb2a3971f3e41a;C:\Users\Win10\Desktop\abcd\abcdSpring\sts4\sts-4.17.2.RELEASE\plugins\org.eclipse.justj.openjdk.hotspot.jre.full.win32.x86_64_17.0.6.v20230125-1136\jre\bin\server

VM Arguments:
jvm_args: -Dcom.sun.management.jmxremote -Dcom.sun.management.jmxremote.port=14062 -Dcom.sun.management.jmxremote.authenticate=false -Dcom.sun.management.jmxremote.ssl=false -Djava.rmi.server.hostname=localhost -Dspring.jmx.enabled=true -Dmanagement.endpoints.jmx.exposure.include=* -Dspring.application.admin.enabled=true -XX:TieredStopAtLevel=1 -Dspring.boot.project.name=sarada -Dfile.encoding=UTF-8 -XX:+ShowCodeDetailsInExceptionMessages 
java_command: com.greedy.sarada.SaradaApplication --spring.output.ansi.enabled=always
java_class_path (initial): C:\Users\Win10\Desktop\abcd\abcdSpring\sts4\sarada\target\classes;C:\Users\Win10\.m2\repository\org\springframework\boot\spring-boot-starter-security\2.7.17\spring-boot-starter-security-2.7.17.jar;C:\Users\Win10\.m2\repository\org\springframework\boot\spring-boot-starter\2.7.17\spring-boot-starter-2.7.17.jar;C:\Users\Win10\.m2\repository\org\springframework\boot\spring-boot-starter-logging\2.7.17\spring-boot-starter-logging-2.7.17.jar;C:\Users\Win10\.m2\repository\ch\qos\logback\logback-classic\1.2.12\logback-classic-1.2.12.jar;C:\Users\Win10\.m2\repository\ch\qos\logback\logback-core\1.2.12\logback-core-1.2.12.jar;C:\Users\Win10\.m2\repository\org\apache\logging\log4j\log4j-to-slf4j\2.17.2\log4j-to-slf4j-2.17.2.jar;C:\Users\Win10\.m2\repository\org\apache\logging\log4j\log4j-api\2.17.2\log4j-api-2.17.2.jar;C:\Users\Win10\.m2\repository\org\slf4j\jul-to-slf4j\1.7.36\jul-to-slf4j-1.7.36.jar;C:\Users\Win10\.m2\repository\jakarta\annotation\jakarta.annotation-api\1.3.5\jakarta.annotation-api-1.3.5.jar;C:\Users\Win10\.m2\repository\org\yaml\snakeyaml\1.30\snakeyaml-1.30.jar;C:\Users\Win10\.m2\repository\org\springframework\spring-aop\5.3.30\spring-aop-5.3.30.jar;C:\Users\Win10\.m2\repository\org\springframework\spring-beans\5.3.30\spring-beans-5.3.30.jar;C:\Users\Win10\.m2\repository\org\springframework\security\spring-security-config\5.7.11\spring-security-config-5.7.11.jar;C:\Users\Win10\.m2\repository\org\springframework\spring-context\5.3.30\spring-context-5.3.30.jar;C:\Users\Win10\.m2\repository\org\springframework\security\spring-security-web\5.7.11\spring-security-web-5.7.11.jar;C:\Users\Win10\.m2\repository\org\springframework\spring-expression\5.3.30\spring-expression-5.3.30.jar;C:\Users\Win10\.m2\repository\org\springframework\boot\spring-boot-starter-thymeleaf\2.7.17\spring-boot-starter-thymeleaf-2.7.17.jar;C:\Users\Win10\.m2\repository\org\thymeleaf\thymeleaf-spring5\3.0.15.RELEASE\thymeleaf-spring5-3.0.15.RELEASE.jar;C:\Users\Wi
Launcher Type: SUN_STANDARD

[Global flags]
     intx CICompilerCount                          = 4                                         {product} {ergonomic}
     uint ConcGCThreads                            = 3                                         {product} {ergonomic}
     uint G1ConcRefinementThreads                  = 10                                        {product} {ergonomic}
   size_t G1HeapRegionSize                         = 2097152                                   {product} {ergonomic}
    uintx GCDrainStackTargetSize                   = 64                                        {product} {ergonomic}
   size_t InitialHeapSize                          = 268435456                                 {product} {ergonomic}
     bool ManagementServer                         = true                                      {product} {command line}
   size_t MarkStackSize                            = 4194304                                   {product} {ergonomic}
   size_t MaxHeapSize                              = 4280287232                                {product} {ergonomic}
   size_t MinHeapDeltaBytes                        = 2097152                                   {product} {ergonomic}
   size_t MinHeapSize                              = 8388608                                   {product} {ergonomic}
    uintx NonProfiledCodeHeapSize                  = 0                                      {pd product} {ergonomic}
     bool ProfileInterpreter                       = false                                  {pd product} {command line}
    uintx ProfiledCodeHeapSize                     = 0                                      {pd product} {ergonomic}
     bool ShowCodeDetailsInExceptionMessages       = true                                   {manageable} {command line}
   size_t SoftMaxHeapSize                          = 4280287232                             {manageable} {ergonomic}
     intx TieredStopAtLevel                        = 1                                         {product} {command line}
     bool UseCompressedClassPointers               = true                           {product lp64_product} {ergonomic}
     bool UseCompressedOops                        = true                           {product lp64_product} {ergonomic}
     bool UseG1GC                                  = true                                      {product} {ergonomic}
     bool UseLargePagesIndividualAllocation        = false                                  {pd product} {ergonomic}

Logging:
Log output configuration:
 #0: stdout all=warning uptime,level,tags
 #1: stderr all=off uptime,level,tags

Environment Variables:
PATH=C:/Users/Win10/Desktop/abcd/abcdSpring/sts4/sts-4.17.2.RELEASE//plugins/org.eclipse.justj.openjdk.hotspot.jre.full.win32.x86_64_17.0.6.v20230125-1136/jre/bin/server;C:/Users/Win10/Desktop/abcd/abcdSpring/sts4/sts-4.17.2.RELEASE//plugins/org.eclipse.justj.openjdk.hotspot.jre.full.win32.x86_64_17.0.6.v20230125-1136/jre/bin;C:\app\Win10\product\18.0.0\dbhomeXE\bin;C:\Users\Win10\Desktop\Python\WINDOWS.X64_193000_db_home\bin;C:\Program Files\Common Files\Oracle\Java\javapath;C:\Program Files (x86)\NAT Service;C:\Program Files (x86)\Intel\Intel(R) Management Engine Components\iCLS\;C:\Program Files\Intel\Intel(R) Management Engine Components\iCLS\;C:\Windows\system32;C:\Windows;C:\Windows\System32\Wbem;C:\Windows\System32\WindowsPowerShell\v1.0\;C:\Windows\System32\OpenSSH\;C:\Program Files (x86)\Intel\Intel(R) Management Engine Components\DAL;C:\Program Files\Intel\Intel(R) Management Engine Components\DAL;C:\Program Files (x86)\Intel\Intel(R) Management Engine Components\IPT;C:\Program Files\Intel\Intel(R) Management Engine Components\IPT;C:\Program Files (x86)\NVIDIA Corporation\PhysX\Common;C:\WINDOWS\system32;C:\WINDOWS;C:\WINDOWS\System32\Wbem;C:\WINDOWS\System32\WindowsPowerShell\v1.0\;C:\WINDOWS\System32\OpenSSH\;C:\Program Files\ojdkbuild\java-11-openjdk-11.0.15-1\bin;C:\Program Files\Git\cmd;C:\Program Files\nodejs\;C:\Users\Win10\AppData\Local\Programs\Python\Python310\Scripts\;C:\Users\Win10\AppData\Local\Programs\Python\Python310\;C:\Users\Win10\AppData\Local\Microsoft\WindowsApps;C:\Users\Win10\AppData\Local\Programs\Microsoft VS Code\bin;C:\Users\Win10\AppData\Local\JetBrains\Toolbox\scripts;C:\Program Files\Java\jdk-11.0.16.1\bin;C:\Users\Win10\AppData\Roaming\npm;C:\Users\Win10\Desktop\abcd\abcdSpring\sts4\sts-4.17.2.RELEASE;
USERNAME=Win10
TMPDIR=C:\Users\Public\Documents\ESTsoft\CreatorTemp
OS=Windows_NT
PROCESSOR_IDENTIFIER=Intel64 Family 6 Model 158 Stepping 10, GenuineIntel
TMP=C:\Users\Win10\AppData\Local\Temp
TEMP=C:\Users\Win10\AppData\Local\Temp



---------------  S Y S T E M  ---------------

OS:
 Windows 10 , 64 bit Build 19041 (10.0.19041.3570)
OS uptime: 2 days 22:58 hours

CPU: total 12 (initial active 12) (6 cores per cpu, 2 threads per core) family 6 model 158 stepping 10 microcode 0xb4, cx8, cmov, fxsr, ht, mmx, 3dnowpref, sse, sse2, sse3, ssse3, sse4.1, sse4.2, popcnt, lzcnt, tsc, tscinvbit, avx, avx2, aes, erms, clmul, bmi1, bmi2, rtm, adx, fma, vzeroupper, clflush, clflushopt

Memory: 4k page, system-wide physical 16323M (4319M free)
TotalPageFile size 34937M (AvailPageFile size 51M)
current process WorkingSet (physical memory assigned to process): 10M, peak: 10M
current process commit charge ("private bytes"): 59M, peak: 315M

vm_info: OpenJDK 64-Bit Server VM (17.0.6+10) for windows-amd64 JRE (17.0.6+10), built on Jan 18 2023 10:08:59 by "temurin" with MS VC++ 16.7 (VS2019)

END.
